0 verbose cli C:\Program Files\nodejs\node.exe C:\Program Files\nodejs\node_modules\npm\bin\npm-cli.js
1 info using npm@10.7.0
2 info using node@v22.2.0
3 silly config:load:file:C:\Program Files\nodejs\node_modules\npm\npmrc
4 silly config:load:file:C:\Users\ajmee\Desktop\MERN_Project\backend\.npmrc
5 silly config:load:file:C:\Users\ajmee\.npmrc
6 silly config:load:file:C:\Users\ajmee\Desktop\MERN_Project\backend\%APPDATA%\npm\etc\npmrc
7 verbose title npm i multer
8 verbose argv "i" "multer"
9 verbose logfile logs-max:10 dir:C:\Users\ajmee\Desktop\MERN_Project\backend\%LOCALAPPDATA%\npm-cache\_logs\2024-11-19T03_03_28_475Z-
10 verbose logfile C:\Users\ajmee\Desktop\MERN_Project\backend\%LOCALAPPDATA%\npm-cache\_logs\2024-11-19T03_03_28_475Z-debug-0.log
11 silly logfile start cleaning logs, removing 1 files
12 silly logfile done cleaning log files
13 silly idealTree buildDeps
14 silly fetch manifest multer@*
15 http fetch GET 200 https://registry.npmjs.org/multer 496ms (cache miss)
16 silly placeDep ROOT multer@1.4.5-lts.1 OK for: backend@1.0.0 want: *
17 silly fetch manifest append-field@^1.0.0
18 silly fetch manifest busboy@^1.0.0
19 silly fetch manifest concat-stream@^1.5.2
20 silly fetch manifest mkdirp@^0.5.4
21 silly fetch manifest xtend@^4.0.0
22 http fetch GET 200 https://registry.npmjs.org/append-field 75ms (cache miss)
23 http fetch GET 200 https://registry.npmjs.org/concat-stream 246ms (cache miss)
24 http fetch GET 200 https://registry.npmjs.org/busboy 263ms (cache miss)
25 http fetch GET 200 https://registry.npmjs.org/mkdirp 272ms (cache miss)
26 http fetch GET 200 https://registry.npmjs.org/xtend 1061ms (cache miss)
27 silly placeDep ROOT append-field@1.0.0 OK for: multer@1.4.5-lts.1 want: ^1.0.0
28 silly placeDep ROOT busboy@1.6.0 OK for: multer@1.4.5-lts.1 want: ^1.0.0
29 silly placeDep ROOT concat-stream@1.6.2 OK for: multer@1.4.5-lts.1 want: ^1.5.2
30 silly placeDep ROOT mkdirp@0.5.6 OK for: multer@1.4.5-lts.1 want: ^0.5.4
31 silly placeDep ROOT xtend@4.0.2 OK for: multer@1.4.5-lts.1 want: ^4.0.0
32 silly fetch manifest streamsearch@^1.1.0
33 silly fetch manifest buffer-from@^1.0.0
34 silly fetch manifest readable-stream@^2.2.2
35 silly fetch manifest typedarray@^0.0.6
36 silly fetch manifest minimist@^1.2.6
37 http fetch GET 200 https://registry.npmjs.org/buffer-from 112ms (cache miss)
38 http fetch GET 200 https://registry.npmjs.org/typedarray 120ms (cache miss)
39 http fetch GET 200 https://registry.npmjs.org/readable-stream 128ms (cache miss)
40 http fetch GET 200 https://registry.npmjs.org/minimist 167ms (cache miss)
41 http fetch GET 200 https://registry.npmjs.org/streamsearch 190ms (cache miss)
42 silly placeDep ROOT streamsearch@1.1.0 OK for: busboy@1.6.0 want: ^1.1.0
43 silly placeDep ROOT buffer-from@1.1.2 OK for: concat-stream@1.6.2 want: ^1.0.0
44 silly placeDep ROOT readable-stream@2.3.8 OK for: concat-stream@1.6.2 want: ^2.2.2
45 silly placeDep ROOT typedarray@0.0.6 OK for: concat-stream@1.6.2 want: ^0.0.6
46 silly fetch manifest core-util-is@~1.0.0
47 silly fetch manifest isarray@~1.0.0
48 silly fetch manifest process-nextick-args@~2.0.0
49 silly fetch manifest safe-buffer@~5.1.1
50 silly fetch manifest string_decoder@~1.1.1
51 silly fetch manifest util-deprecate@~1.0.1
52 http fetch GET 200 https://registry.npmjs.org/isarray 87ms (cache miss)
53 http fetch GET 200 https://registry.npmjs.org/process-nextick-args 101ms (cache miss)
54 http fetch GET 200 https://registry.npmjs.org/core-util-is 144ms (cache miss)
55 http fetch GET 200 https://registry.npmjs.org/string_decoder 145ms (cache miss)
56 http fetch GET 200 https://registry.npmjs.org/util-deprecate 148ms (cache miss)
57 http fetch GET 200 https://registry.npmjs.org/safe-buffer 414ms (cache revalidated)
58 silly placeDep ROOT minimist@1.2.8 OK for: mkdirp@0.5.6 want: ^1.2.6
59 silly placeDep ROOT core-util-is@1.0.3 OK for: readable-stream@2.3.8 want: ~1.0.0
60 silly placeDep ROOT isarray@1.0.0 OK for: readable-stream@2.3.8 want: ~1.0.0
61 silly placeDep ROOT process-nextick-args@2.0.1 OK for: readable-stream@2.3.8 want: ~2.0.0
62 silly placeDep node_modules/readable-stream safe-buffer@5.1.2 OK for: readable-stream@2.3.8 want: ~5.1.1
63 silly placeDep ROOT string_decoder@1.1.1 OK for: readable-stream@2.3.8 want: ~1.1.1
64 silly placeDep ROOT util-deprecate@1.0.2 OK for: readable-stream@2.3.8 want: ~1.0.1
65 silly fetch manifest safe-buffer@~5.1.0
66 silly placeDep node_modules/string_decoder safe-buffer@5.1.2 OK for: string_decoder@1.1.1 want: ~5.1.0
67 silly reify moves {}
68 silly audit bulk request {
68 silly audit   '@mongodb-js/saslprep': [ '1.1.9' ],
68 silly audit   '@types/webidl-conversions': [ '7.0.3' ],
68 silly audit   '@types/whatwg-url': [ '11.0.5' ],
68 silly audit   accepts: [ '1.3.8' ],
68 silly audit   anymatch: [ '3.1.3' ],
68 silly audit   'array-flatten': [ '1.1.1' ],
68 silly audit   'balanced-match': [ '1.0.2' ],
68 silly audit   bcryptjs: [ '2.4.3' ],
68 silly audit   'binary-extensions': [ '2.3.0' ],
68 silly audit   'body-parser': [ '1.20.3' ],
68 silly audit   'brace-expansion': [ '1.1.11' ],
68 silly audit   braces: [ '3.0.3' ],
68 silly audit   bson: [ '6.9.0' ],
68 silly audit   'buffer-equal-constant-time': [ '1.0.1' ],
68 silly audit   bytes: [ '3.1.2' ],
68 silly audit   'call-bind': [ '1.0.7' ],
68 silly audit   chokidar: [ '3.6.0' ],
68 silly audit   'concat-map': [ '0.0.1' ],
68 silly audit   'content-disposition': [ '0.5.4' ],
68 silly audit   'content-type': [ '1.0.5' ],
68 silly audit   cookie: [ '0.7.2', '0.7.1' ],
68 silly audit   'cookie-parser': [ '1.4.7' ],
68 silly audit   'cookie-signature': [ '1.0.6' ],
68 silly audit   cors: [ '2.8.5' ],
68 silly audit   debug: [ '2.6.9', '4.3.7' ],
68 silly audit   'define-data-property': [ '1.1.4' ],
68 silly audit   depd: [ '2.0.0' ],
68 silly audit   destroy: [ '1.2.0' ],
68 silly audit   dotenv: [ '16.4.5' ],
68 silly audit   'ecdsa-sig-formatter': [ '1.0.11' ],
68 silly audit   'ee-first': [ '1.1.1' ],
68 silly audit   encodeurl: [ '2.0.0', '1.0.2' ],
68 silly audit   'es-define-property': [ '1.0.0' ],
68 silly audit   'es-errors': [ '1.3.0' ],
68 silly audit   'escape-html': [ '1.0.3' ],
68 silly audit   etag: [ '1.8.1' ],
68 silly audit   express: [ '4.21.1' ],
68 silly audit   'fill-range': [ '7.1.1' ],
68 silly audit   finalhandler: [ '1.3.1' ],
68 silly audit   forwarded: [ '0.2.0' ],
68 silly audit   fresh: [ '0.5.2' ],
68 silly audit   fsevents: [ '2.3.3' ],
68 silly audit   'function-bind': [ '1.1.2' ],
68 silly audit   'get-intrinsic': [ '1.2.4' ],
68 silly audit   'glob-parent': [ '5.1.2' ],
68 silly audit   gopd: [ '1.0.1' ],
68 silly audit   'has-flag': [ '3.0.0' ],
68 silly audit   'has-property-descriptors': [ '1.0.2' ],
68 silly audit   'has-proto': [ '1.0.3' ],
68 silly audit   'has-symbols': [ '1.0.3' ],
68 silly audit   hasown: [ '2.0.2' ],
68 silly audit   'http-errors': [ '2.0.0' ],
68 silly audit   'iconv-lite': [ '0.4.24' ],
68 silly audit   'ignore-by-default': [ '1.0.1' ],
68 silly audit   inherits: [ '2.0.4' ],
68 silly audit   'ipaddr.js': [ '1.9.1' ],
68 silly audit   'is-binary-path': [ '2.1.0' ],
68 silly audit   'is-extglob': [ '2.1.1' ],
68 silly audit   'is-glob': [ '4.0.3' ],
68 silly audit   'is-number': [ '7.0.0' ],
68 silly audit   jsonwebtoken: [ '9.0.2' ],
68 silly audit   ms: [ '2.1.3', '2.0.0' ],
68 silly audit   jwa: [ '1.4.1' ],
68 silly audit   jws: [ '3.2.2' ],
68 silly audit   kareem: [ '2.6.3' ],
68 silly audit   'lodash.includes': [ '4.3.0' ],
68 silly audit   'lodash.isboolean': [ '3.0.3' ],
68 silly audit   'lodash.isinteger': [ '4.0.4' ],
68 silly audit   'lodash.isnumber': [ '3.0.3' ],
68 silly audit   'lodash.isplainobject': [ '4.0.6' ],
68 silly audit   'lodash.isstring': [ '4.0.1' ],
68 silly audit   'lodash.once': [ '4.1.1' ],
68 silly audit   'media-typer': [ '0.3.0' ],
68 silly audit   'memory-pager': [ '1.5.0' ],
68 silly audit   'merge-descriptors': [ '1.0.3' ],
68 silly audit   methods: [ '1.1.2' ],
68 silly audit   mime: [ '1.6.0' ],
68 silly audit   'mime-db': [ '1.52.0' ],
68 silly audit   'mime-types': [ '2.1.35' ],
68 silly audit   minimatch: [ '3.1.2' ],
68 silly audit   mongodb: [ '6.10.0' ],
68 silly audit   'mongodb-connection-string-url': [ '3.0.1' ],
68 silly audit   mongoose: [ '8.8.1' ],
68 silly audit   mpath: [ '0.9.0' ],
68 silly audit   mquery: [ '5.0.0' ],
68 silly audit   negotiator: [ '0.6.3' ],
68 silly audit   nodemon: [ '3.1.7' ],
68 silly audit   'normalize-path': [ '3.0.0' ],
68 silly audit   'object-assign': [ '4.1.1' ],
68 silly audit   'object-inspect': [ '1.13.3' ],
68 silly audit   'on-finished': [ '2.4.1' ],
68 silly audit   parseurl: [ '1.3.3' ],
68 silly audit   'path-to-regexp': [ '0.1.10' ],
68 silly audit   picomatch: [ '2.3.1' ],
68 silly audit   'proxy-addr': [ '2.0.7' ],
68 silly audit   'pstree.remy': [ '1.1.8' ],
68 silly audit   punycode: [ '2.3.1' ],
68 silly audit   qs: [ '6.13.0' ],
68 silly audit   'range-parser': [ '1.2.1' ],
68 silly audit   'raw-body': [ '2.5.2' ],
68 silly audit   readdirp: [ '3.6.0' ],
68 silly audit   'safe-buffer': [ '5.2.1', '5.1.2' ],
68 silly audit   'safer-buffer': [ '2.1.2' ],
68 silly audit   semver: [ '7.6.3' ],
68 silly audit   send: [ '0.19.0' ],
68 silly audit   'serve-static': [ '1.16.2' ],
68 silly audit   'set-function-length': [ '1.2.2' ],
68 silly audit   setprototypeof: [ '1.2.0' ],
68 silly audit   'side-channel': [ '1.0.6' ],
68 silly audit   sift: [ '17.1.3' ],
68 silly audit   'simple-update-notifier': [ '2.0.0' ],
68 silly audit   'sparse-bitfield': [ '3.0.3' ],
68 silly audit   statuses: [ '2.0.1' ],
68 silly audit   'supports-color': [ '5.5.0' ],
68 silly audit   'to-regex-range': [ '5.0.1' ],
68 silly audit   toidentifier: [ '1.0.1' ],
68 silly audit   touch: [ '3.1.1' ],
68 silly audit   tr46: [ '4.1.1' ],
68 silly audit   'type-is': [ '1.6.18' ],
68 silly audit   undefsafe: [ '2.0.5' ],
68 silly audit   unpipe: [ '1.0.0' ],
68 silly audit   'utils-merge': [ '1.0.1' ],
68 silly audit   vary: [ '1.1.2' ],
68 silly audit   'webidl-conversions': [ '7.0.0' ],
68 silly audit   'whatwg-url': [ '13.0.0' ],
68 silly audit   multer: [ '1.4.5-lts.1' ],
68 silly audit   'append-field': [ '1.0.0' ],
68 silly audit   busboy: [ '1.6.0' ],
68 silly audit   'concat-stream': [ '1.6.2' ],
68 silly audit   mkdirp: [ '0.5.6' ],
68 silly audit   xtend: [ '4.0.2' ],
68 silly audit   streamsearch: [ '1.1.0' ],
68 silly audit   'buffer-from': [ '1.1.2' ],
68 silly audit   'readable-stream': [ '2.3.8' ],
68 silly audit   typedarray: [ '0.0.6' ],
68 silly audit   minimist: [ '1.2.8' ],
68 silly audit   'core-util-is': [ '1.0.3' ],
68 silly audit   isarray: [ '1.0.0' ],
68 silly audit   'process-nextick-args': [ '2.0.1' ],
68 silly audit   string_decoder: [ '1.1.1' ],
68 silly audit   'util-deprecate': [ '1.0.2' ]
68 silly audit }
69 verbose reify failed optional dependency C:\Users\ajmee\Desktop\MERN_Project\backend\node_modules\fsevents
70 silly reify mark deleted [
70 silly reify   'C:\\Users\\ajmee\\Desktop\\MERN_Project\\backend\\node_modules\\fsevents'
70 silly reify ]
71 silly tarball no local data for util-deprecate@https://registry.npmjs.org/util-deprecate/-/util-deprecate-1.0.2.tgz. Extracting by manifest.
72 silly tarball no local data for string_decoder@https://registry.npmjs.org/string_decoder/-/string_decoder-1.1.1.tgz. Extracting by manifest.
73 silly tarball no local data for process-nextick-args@https://registry.npmjs.org/process-nextick-args/-/process-nextick-args-2.0.1.tgz. Extracting by manifest.
74 silly tarball no local data for isarray@https://registry.npmjs.org/isarray/-/isarray-1.0.0.tgz. Extracting by manifest.
75 silly tarball no local data for core-util-is@https://registry.npmjs.org/core-util-is/-/core-util-is-1.0.3.tgz. Extracting by manifest.
76 silly tarball no local data for typedarray@https://registry.npmjs.org/typedarray/-/typedarray-0.0.6.tgz. Extracting by manifest.
77 silly tarball no local data for minimist@https://registry.npmjs.org/minimist/-/minimist-1.2.8.tgz. Extracting by manifest.
78 silly tarball no local data for buffer-from@https://registry.npmjs.org/buffer-from/-/buffer-from-1.1.2.tgz. Extracting by manifest.
79 silly tarball no local data for streamsearch@https://registry.npmjs.org/streamsearch/-/streamsearch-1.1.0.tgz. Extracting by manifest.
80 silly tarball no local data for readable-stream@https://registry.npmjs.org/readable-stream/-/readable-stream-2.3.8.tgz. Extracting by manifest.
81 silly tarball no local data for xtend@https://registry.npmjs.org/xtend/-/xtend-4.0.2.tgz. Extracting by manifest.
82 silly tarball no local data for concat-stream@https://registry.npmjs.org/concat-stream/-/concat-stream-1.6.2.tgz. Extracting by manifest.
83 silly tarball no local data for mkdirp@https://registry.npmjs.org/mkdirp/-/mkdirp-0.5.6.tgz. Extracting by manifest.
84 silly tarball no local data for busboy@https://registry.npmjs.org/busboy/-/busboy-1.6.0.tgz. Extracting by manifest.
85 silly tarball no local data for multer@https://registry.npmjs.org/multer/-/multer-1.4.5-lts.1.tgz. Extracting by manifest.
86 silly tarball no local data for append-field@https://registry.npmjs.org/append-field/-/append-field-1.0.0.tgz. Extracting by manifest.
87 silly tarball no local data for safe-buffer@https://registry.npmjs.org/safe-buffer/-/safe-buffer-5.1.2.tgz. Extracting by manifest.
88 silly tarball no local data for safe-buffer@https://registry.npmjs.org/safe-buffer/-/safe-buffer-5.1.2.tgz. Extracting by manifest.
89 http fetch GET 200 https://registry.npmjs.org/util-deprecate/-/util-deprecate-1.0.2.tgz 172ms (cache miss)
90 http fetch GET 200 https://registry.npmjs.org/core-util-is/-/core-util-is-1.0.3.tgz 170ms (cache miss)
91 http fetch GET 200 https://registry.npmjs.org/string_decoder/-/string_decoder-1.1.1.tgz 184ms (cache miss)
92 http fetch GET 200 https://registry.npmjs.org/process-nextick-args/-/process-nextick-args-2.0.1.tgz 212ms (cache miss)
93 http fetch GET 200 https://registry.npmjs.org/append-field/-/append-field-1.0.0.tgz 247ms (cache miss)
94 http fetch GET 200 https://registry.npmjs.org/isarray/-/isarray-1.0.0.tgz 268ms (cache miss)
95 http fetch GET 200 https://registry.npmjs.org/safe-buffer/-/safe-buffer-5.1.2.tgz 271ms (cache miss)
96 http fetch GET 200 https://registry.npmjs.org/multer/-/multer-1.4.5-lts.1.tgz 290ms (cache miss)
97 http fetch POST 200 https://registry.npmjs.org/-/npm/v1/security/advisories/bulk 327ms
98 silly audit report {}
99 http fetch GET 200 https://registry.npmjs.org/concat-stream/-/concat-stream-1.6.2.tgz 321ms (cache miss)
100 http fetch GET 200 https://registry.npmjs.org/buffer-from/-/buffer-from-1.1.2.tgz 343ms (cache miss)
101 http fetch GET 200 https://registry.npmjs.org/xtend/-/xtend-4.0.2.tgz 366ms (cache miss)
102 http fetch GET 200 https://registry.npmjs.org/safe-buffer/-/safe-buffer-5.1.2.tgz 560ms (cache miss)
103 http fetch GET 200 https://registry.npmjs.org/streamsearch/-/streamsearch-1.1.0.tgz 569ms (cache miss)
104 http fetch GET 200 https://registry.npmjs.org/mkdirp/-/mkdirp-0.5.6.tgz 567ms (cache miss)
105 http fetch GET 200 https://registry.npmjs.org/typedarray/-/typedarray-0.0.6.tgz 590ms (cache miss)
106 http fetch GET 200 https://registry.npmjs.org/minimist/-/minimist-1.2.8.tgz 615ms (cache miss)
107 http fetch GET 200 https://registry.npmjs.org/readable-stream/-/readable-stream-2.3.8.tgz 622ms (cache miss)
108 http fetch GET 200 https://registry.npmjs.org/busboy/-/busboy-1.6.0.tgz 669ms (cache miss)
109 silly ADD node_modules/util-deprecate
110 silly ADD node_modules/string_decoder
111 silly ADD node_modules/string_decoder/node_modules/safe-buffer
112 silly ADD node_modules/process-nextick-args
113 silly ADD node_modules/isarray
114 silly ADD node_modules/core-util-is
115 silly ADD node_modules/minimist
116 silly ADD node_modules/typedarray
117 silly ADD node_modules/readable-stream
118 silly ADD node_modules/readable-stream/node_modules/safe-buffer
119 silly ADD node_modules/buffer-from
120 silly ADD node_modules/streamsearch
121 silly ADD node_modules/xtend
122 silly ADD node_modules/mkdirp
123 silly ADD node_modules/concat-stream
124 silly ADD node_modules/busboy
125 silly ADD node_modules/append-field
126 silly ADD node_modules/multer
127 silly ADD
128 verbose exit 0
129 info ok
