0 verbose cli C:\Program Files\nodejs\node.exe C:\Program Files\nodejs\node_modules\npm\bin\npm-cli.js
1 info using npm@10.7.0
2 info using node@v22.2.0
3 silly config:load:file:C:\Program Files\nodejs\node_modules\npm\npmrc
4 silly config:load:file:C:\Users\ajmee\Desktop\MERN_Project\backend\.npmrc
5 silly config:load:file:C:\Users\ajmee\.npmrc
6 silly config:load:file:C:\Users\ajmee\Desktop\MERN_Project\backend\%APPDATA%\npm\etc\npmrc
7 verbose title npm i cloudinary
8 verbose argv "i" "cloudinary"
9 verbose logfile logs-max:10 dir:C:\Users\ajmee\Desktop\MERN_Project\backend\%LOCALAPPDATA%\npm-cache\_logs\2024-11-19T06_28_52_018Z-
10 verbose logfile C:\Users\ajmee\Desktop\MERN_Project\backend\%LOCALAPPDATA%\npm-cache\_logs\2024-11-19T06_28_52_018Z-debug-0.log
11 silly logfile start cleaning logs, removing 1 files
12 silly logfile done cleaning log files
13 silly idealTree buildDeps
14 silly fetch manifest cloudinary@*
15 http fetch GET 200 https://registry.npmjs.org/cloudinary 1540ms (cache miss)
16 silly placeDep ROOT cloudinary@2.5.1 OK for: backend@1.0.0 want: *
17 silly fetch manifest lodash@^4.17.21
18 silly fetch manifest q@^1.5.1
19 http fetch GET 200 https://registry.npmjs.org/lodash 137ms (cache miss)
20 http fetch GET 200 https://registry.npmjs.org/q 291ms (cache miss)
21 silly placeDep ROOT lodash@4.17.21 OK for: cloudinary@2.5.1 want: ^4.17.21
22 silly placeDep ROOT q@1.5.1 OK for: cloudinary@2.5.1 want: ^1.5.1
23 silly reify moves {}
24 silly audit bulk request {
24 silly audit   '@mongodb-js/saslprep': [ '1.1.9' ],
24 silly audit   '@types/webidl-conversions': [ '7.0.3' ],
24 silly audit   '@types/whatwg-url': [ '11.0.5' ],
24 silly audit   accepts: [ '1.3.8' ],
24 silly audit   anymatch: [ '3.1.3' ],
24 silly audit   'append-field': [ '1.0.0' ],
24 silly audit   'array-flatten': [ '1.1.1' ],
24 silly audit   'balanced-match': [ '1.0.2' ],
24 silly audit   bcryptjs: [ '2.4.3' ],
24 silly audit   'binary-extensions': [ '2.3.0' ],
24 silly audit   'body-parser': [ '1.20.3' ],
24 silly audit   'brace-expansion': [ '1.1.11' ],
24 silly audit   braces: [ '3.0.3' ],
24 silly audit   bson: [ '6.9.0' ],
24 silly audit   'buffer-equal-constant-time': [ '1.0.1' ],
24 silly audit   'buffer-from': [ '1.1.2' ],
24 silly audit   busboy: [ '1.6.0' ],
24 silly audit   bytes: [ '3.1.2' ],
24 silly audit   'call-bind': [ '1.0.7' ],
24 silly audit   chokidar: [ '3.6.0' ],
24 silly audit   'concat-map': [ '0.0.1' ],
24 silly audit   'concat-stream': [ '1.6.2' ],
24 silly audit   'content-disposition': [ '0.5.4' ],
24 silly audit   'content-type': [ '1.0.5' ],
24 silly audit   cookie: [ '0.7.2', '0.7.1' ],
24 silly audit   'cookie-parser': [ '1.4.7' ],
24 silly audit   'cookie-signature': [ '1.0.6' ],
24 silly audit   'core-util-is': [ '1.0.3' ],
24 silly audit   cors: [ '2.8.5' ],
24 silly audit   debug: [ '2.6.9', '4.3.7' ],
24 silly audit   'define-data-property': [ '1.1.4' ],
24 silly audit   depd: [ '2.0.0' ],
24 silly audit   destroy: [ '1.2.0' ],
24 silly audit   dotenv: [ '16.4.5' ],
24 silly audit   'ecdsa-sig-formatter': [ '1.0.11' ],
24 silly audit   'ee-first': [ '1.1.1' ],
24 silly audit   encodeurl: [ '2.0.0', '1.0.2' ],
24 silly audit   'es-define-property': [ '1.0.0' ],
24 silly audit   'es-errors': [ '1.3.0' ],
24 silly audit   'escape-html': [ '1.0.3' ],
24 silly audit   etag: [ '1.8.1' ],
24 silly audit   express: [ '4.21.1' ],
24 silly audit   'fill-range': [ '7.1.1' ],
24 silly audit   finalhandler: [ '1.3.1' ],
24 silly audit   forwarded: [ '0.2.0' ],
24 silly audit   fresh: [ '0.5.2' ],
24 silly audit   fsevents: [ '2.3.3' ],
24 silly audit   'function-bind': [ '1.1.2' ],
24 silly audit   'get-intrinsic': [ '1.2.4' ],
24 silly audit   'glob-parent': [ '5.1.2' ],
24 silly audit   gopd: [ '1.0.1' ],
24 silly audit   'has-flag': [ '3.0.0' ],
24 silly audit   'has-property-descriptors': [ '1.0.2' ],
24 silly audit   'has-proto': [ '1.0.3' ],
24 silly audit   'has-symbols': [ '1.0.3' ],
24 silly audit   hasown: [ '2.0.2' ],
24 silly audit   'http-errors': [ '2.0.0' ],
24 silly audit   'iconv-lite': [ '0.4.24' ],
24 silly audit   'ignore-by-default': [ '1.0.1' ],
24 silly audit   inherits: [ '2.0.4' ],
24 silly audit   'ipaddr.js': [ '1.9.1' ],
24 silly audit   'is-binary-path': [ '2.1.0' ],
24 silly audit   'is-extglob': [ '2.1.1' ],
24 silly audit   'is-glob': [ '4.0.3' ],
24 silly audit   'is-number': [ '7.0.0' ],
24 silly audit   isarray: [ '1.0.0' ],
24 silly audit   jsonwebtoken: [ '9.0.2' ],
24 silly audit   ms: [ '2.1.3', '2.0.0' ],
24 silly audit   jwa: [ '1.4.1' ],
24 silly audit   jws: [ '3.2.2' ],
24 silly audit   kareem: [ '2.6.3' ],
24 silly audit   'lodash.includes': [ '4.3.0' ],
24 silly audit   'lodash.isboolean': [ '3.0.3' ],
24 silly audit   'lodash.isinteger': [ '4.0.4' ],
24 silly audit   'lodash.isnumber': [ '3.0.3' ],
24 silly audit   'lodash.isplainobject': [ '4.0.6' ],
24 silly audit   'lodash.isstring': [ '4.0.1' ],
24 silly audit   'lodash.once': [ '4.1.1' ],
24 silly audit   'media-typer': [ '0.3.0' ],
24 silly audit   'memory-pager': [ '1.5.0' ],
24 silly audit   'merge-descriptors': [ '1.0.3' ],
24 silly audit   methods: [ '1.1.2' ],
24 silly audit   mime: [ '1.6.0' ],
24 silly audit   'mime-db': [ '1.52.0' ],
24 silly audit   'mime-types': [ '2.1.35' ],
24 silly audit   minimatch: [ '3.1.2' ],
24 silly audit   minimist: [ '1.2.8' ],
24 silly audit   mkdirp: [ '0.5.6' ],
24 silly audit   mongodb: [ '6.10.0' ],
24 silly audit   'mongodb-connection-string-url': [ '3.0.1' ],
24 silly audit   mongoose: [ '8.8.1' ],
24 silly audit   mpath: [ '0.9.0' ],
24 silly audit   mquery: [ '5.0.0' ],
24 silly audit   multer: [ '1.4.5-lts.1' ],
24 silly audit   negotiator: [ '0.6.3' ],
24 silly audit   nodemon: [ '3.1.7' ],
24 silly audit   'normalize-path': [ '3.0.0' ],
24 silly audit   'object-assign': [ '4.1.1' ],
24 silly audit   'object-inspect': [ '1.13.3' ],
24 silly audit   'on-finished': [ '2.4.1' ],
24 silly audit   parseurl: [ '1.3.3' ],
24 silly audit   'path-to-regexp': [ '0.1.10' ],
24 silly audit   picomatch: [ '2.3.1' ],
24 silly audit   'process-nextick-args': [ '2.0.1' ],
24 silly audit   'proxy-addr': [ '2.0.7' ],
24 silly audit   'pstree.remy': [ '1.1.8' ],
24 silly audit   punycode: [ '2.3.1' ],
24 silly audit   qs: [ '6.13.0' ],
24 silly audit   'range-parser': [ '1.2.1' ],
24 silly audit   'raw-body': [ '2.5.2' ],
24 silly audit   'readable-stream': [ '2.3.8' ],
24 silly audit   'safe-buffer': [ '5.1.2', '5.2.1' ],
24 silly audit   readdirp: [ '3.6.0' ],
24 silly audit   'safer-buffer': [ '2.1.2' ],
24 silly audit   semver: [ '7.6.3' ],
24 silly audit   send: [ '0.19.0' ],
24 silly audit   'serve-static': [ '1.16.2' ],
24 silly audit   'set-function-length': [ '1.2.2' ],
24 silly audit   setprototypeof: [ '1.2.0' ],
24 silly audit   'side-channel': [ '1.0.6' ],
24 silly audit   sift: [ '17.1.3' ],
24 silly audit   'simple-update-notifier': [ '2.0.0' ],
24 silly audit   'sparse-bitfield': [ '3.0.3' ],
24 silly audit   statuses: [ '2.0.1' ],
24 silly audit   streamsearch: [ '1.1.0' ],
24 silly audit   string_decoder: [ '1.1.1' ],
24 silly audit   'supports-color': [ '5.5.0' ],
24 silly audit   'to-regex-range': [ '5.0.1' ],
24 silly audit   toidentifier: [ '1.0.1' ],
24 silly audit   touch: [ '3.1.1' ],
24 silly audit   tr46: [ '4.1.1' ],
24 silly audit   'type-is': [ '1.6.18' ],
24 silly audit   typedarray: [ '0.0.6' ],
24 silly audit   undefsafe: [ '2.0.5' ],
24 silly audit   unpipe: [ '1.0.0' ],
24 silly audit   'util-deprecate': [ '1.0.2' ],
24 silly audit   'utils-merge': [ '1.0.1' ],
24 silly audit   vary: [ '1.1.2' ],
24 silly audit   'webidl-conversions': [ '7.0.0' ],
24 silly audit   'whatwg-url': [ '13.0.0' ],
24 silly audit   xtend: [ '4.0.2' ],
24 silly audit   cloudinary: [ '2.5.1' ],
24 silly audit   lodash: [ '4.17.21' ],
24 silly audit   q: [ '1.5.1' ]
24 silly audit }
25 verbose reify failed optional dependency C:\Users\ajmee\Desktop\MERN_Project\backend\node_modules\fsevents
26 silly reify mark deleted [
26 silly reify   'C:\\Users\\ajmee\\Desktop\\MERN_Project\\backend\\node_modules\\fsevents'
26 silly reify ]
27 silly tarball no local data for q@https://registry.npmjs.org/q/-/q-1.5.1.tgz. Extracting by manifest.
28 silly tarball no local data for cloudinary@https://registry.npmjs.org/cloudinary/-/cloudinary-2.5.1.tgz. Extracting by manifest.
29 silly tarball no local data for lodash@https://registry.npmjs.org/lodash/-/lodash-4.17.21.tgz. Extracting by manifest.
30 http fetch GET 200 https://registry.npmjs.org/q/-/q-1.5.1.tgz 169ms (cache miss)
31 warn deprecated q@1.5.1: You or someone you depend on is using Q, the JavaScript Promise library that gave JavaScript developers strong feelings about promises. They can almost certainly migrate to the native JavaScript promise now. Thank you literally everyone for joining me in this bet against the odds. Be excellent to each other.
31 warn deprecated
31 warn deprecated (For a CapTP with native promises, see @endo/eventual-send and @endo/captp)
32 http fetch GET 200 https://registry.npmjs.org/cloudinary/-/cloudinary-2.5.1.tgz 427ms (cache miss)
33 http fetch POST 200 https://registry.npmjs.org/-/npm/v1/security/advisories/bulk 487ms
34 silly audit report {}
35 http fetch GET 200 https://registry.npmjs.org/lodash/-/lodash-4.17.21.tgz 2393ms (cache miss)
36 silly ADD node_modules/q
37 silly ADD node_modules/lodash
38 silly ADD node_modules/cloudinary
39 silly ADD
40 verbose exit 0
41 info ok
